<?xml version="1.0" encoding="UTF-8"?>
<!-- Generated by org.testng.reporters.JUnitReportReporter -->
<testsuite skipped="0" hostname="LAPTOP-D46I84LS" name="rahulshettyacademy.SeleniumTest" tests="2" failures="0" timestamp="2020-11-03T01:59:28 IST" time="0.002" errors="0">
  <testcase name="UiTest" time="0.001" classname="rahulshettyacademy.SeleniumTest"/>
  <system-out/>
  <testcase name="BrowserAutomation" time="0.001" classname="rahulshettyacademy.SeleniumTest"/>
  <system-out/>
</testsuite> <!-- rahulshettyacademy.SeleniumTest -->
