<?xml version="1.0" encoding="UTF-8"?>
<!-- Generated by org.testng.reporters.JUnitReportReporter -->
<testsuite skipped="0" hostname="LAPTOP-D46I84LS" name="rahulshettyacademy.RestAssuredTest" tests="2" failures="0" timestamp="2020-11-03T01:59:46 IST" time="0.001" errors="0">
  <testcase name="deleteTwitter" time="0.000" classname="rahulshettyacademy.RestAssuredTest"/>
  <system-out/>
  <testcase name="posJira" time="0.001" classname="rahulshettyacademy.RestAssuredTest"/>
  <system-out/>
</testsuite> <!-- rahulshettyacademy.RestAssuredTest -->
