<?xml version="1.0" encoding="UTF-8"?>
<!-- Generated by org.testng.reporters.JUnitReportReporter -->
<testsuite skipped="0" hostname="LAPTOP-D46I84LS" name="rahulshettyacademy.AppiumTest" tests="2" failures="0" timestamp="2020-11-03T01:59:46 IST" time="0.009" errors="0">
  <testcase name="nativeAppAndroid" time="0.007" classname="rahulshettyacademy.AppiumTest"/>
  <system-out/>
  <testcase name="nativeAppIos" time="0.002" classname="rahulshettyacademy.AppiumTest"/>
  <system-out/>
</testsuite> <!-- rahulshettyacademy.AppiumTest -->
